{"level":"error","message":"Could not connect to redis server. ArrowJS used fakeredis","timestamp":"2017-04-27T13:26:30.728Z"}
{"message":"Could not connect to postgres://postgres:123456@localhost:5432","stack":"Error: Could not connect to postgres://postgres:123456@localhost:5432\n    at /home/bluevn/Desktop/CMS-master/node_modules/arrowjs/libs/database.js:22:31\n    at Connection.<anonymous> (/home/bluevn/Desktop/CMS-master/node_modules/pg/lib/client.js:186:5)\n    at emitOne (events.js:96:13)\n    at Connection.emit (events.js:191:7)\n    at Socket.<anonymous> (/home/bluevn/Desktop/CMS-master/node_modules/pg/lib/connection.js:86:10)\n    at emitOne (events.js:96:13)\n    at Socket.emit (events.js:191:7)\n    at emitErrorNT (net.js:1283:8)\n    at _combinedTickCallback (internal/process/next_tick.js:80:11)\n    at process._tickCallback (internal/process/next_tick.js:104:9)","level":"error","timestamp":"2017-04-27T13:26:30.742Z"}
{"level":"error","message":"Could not connect to redis server. ArrowJS used fakeredis","timestamp":"2017-04-27T13:32:23.607Z"}
{"message":"Could not connect to postgres://postgres:123456@localhost:5432","stack":"Error: Could not connect to postgres://postgres:123456@localhost:5432\n    at /home/bluevn/Desktop/CMS-master/node_modules/arrowjs/libs/database.js:22:31\n    at Connection.<anonymous> (/home/bluevn/Desktop/CMS-master/node_modules/pg/lib/client.js:186:5)\n    at emitOne (events.js:96:13)\n    at Connection.emit (events.js:191:7)\n    at Socket.<anonymous> (/home/bluevn/Desktop/CMS-master/node_modules/pg/lib/connection.js:86:10)\n    at emitOne (events.js:96:13)\n    at Socket.emit (events.js:191:7)\n    at emitErrorNT (net.js:1283:8)\n    at _combinedTickCallback (internal/process/next_tick.js:80:11)\n    at process._tickCallback (internal/process/next_tick.js:104:9)","level":"error","timestamp":"2017-04-27T13:32:23.622Z"}
{"level":"error","message":"Could not connect to redis server. ArrowJS used fakeredis","timestamp":"2017-05-26T21:28:12.240Z"}
{"message":"Could not connect to postgres://postgres:123456@localhost:5432","stack":"Error: Could not connect to postgres://postgres:123456@localhost:5432\n    at /home/bluevn/Desktop/CMS-master/node_modules/arrowjs/libs/database.js:22:31\n    at Connection.<anonymous> (/home/bluevn/Desktop/CMS-master/node_modules/pg/lib/client.js:186:5)\n    at emitOne (events.js:96:13)\n    at Connection.emit (events.js:191:7)\n    at Socket.<anonymous> (/home/bluevn/Desktop/CMS-master/node_modules/pg/lib/connection.js:86:10)\n    at emitOne (events.js:96:13)\n    at Socket.emit (events.js:191:7)\n    at emitErrorNT (net.js:1283:8)\n    at _combinedTickCallback (internal/process/next_tick.js:80:11)\n    at process._tickCallback (internal/process/next_tick.js:104:9)","level":"error","timestamp":"2017-05-26T21:28:12.257Z"}
{"level":"error","message":"Could not connect to redis server. ArrowJS used fakeredis","timestamp":"2017-05-26T21:29:17.824Z"}
{"message":"Could not connect to postgres://postgres:123456@localhost:5432","stack":"Error: Could not connect to postgres://postgres:123456@localhost:5432\n    at /home/bluevn/Desktop/CMS-master/node_modules/arrowjs/libs/database.js:22:31\n    at Connection.<anonymous> (/home/bluevn/Desktop/CMS-master/node_modules/pg/lib/client.js:186:5)\n    at emitOne (events.js:96:13)\n    at Connection.emit (events.js:191:7)\n    at Socket.<anonymous> (/home/bluevn/Desktop/CMS-master/node_modules/pg/lib/connection.js:86:10)\n    at emitOne (events.js:96:13)\n    at Socket.emit (events.js:191:7)\n    at emitErrorNT (net.js:1283:8)\n    at _combinedTickCallback (internal/process/next_tick.js:80:11)\n    at process._tickCallback (internal/process/next_tick.js:104:9)","level":"error","timestamp":"2017-05-26T21:29:17.837Z"}
{"level":"error","message":"Could not connect to redis server. ArrowJS used fakeredis","timestamp":"2017-05-26T21:33:32.700Z"}
{"message":"Could not connect to postgres://postgres:123456@localhost:5432","stack":"Error: Could not connect to postgres://postgres:123456@localhost:5432\n    at /home/bluevn/Desktop/CMS-master/node_modules/arrowjs/libs/database.js:22:31\n    at Connection.<anonymous> (/home/bluevn/Desktop/CMS-master/node_modules/pg/lib/client.js:186:5)\n    at emitOne (events.js:96:13)\n    at Connection.emit (events.js:191:7)\n    at Socket.<anonymous> (/home/bluevn/Desktop/CMS-master/node_modules/pg/lib/connection.js:86:10)\n    at emitOne (events.js:96:13)\n    at Socket.emit (events.js:191:7)\n    at emitErrorNT (net.js:1283:8)\n    at _combinedTickCallback (internal/process/next_tick.js:80:11)\n    at process._tickCallback (internal/process/next_tick.js:104:9)","level":"error","timestamp":"2017-05-26T21:33:32.716Z"}
{"level":"error","message":"Could not connect to redis server. ArrowJS used fakeredis","timestamp":"2017-05-26T21:35:40.665Z"}
{"message":"Could not connect to postgres://bluevn:rootvn@localhost:5432","stack":"Error: Could not connect to postgres://bluevn:rootvn@localhost:5432\n    at /home/bluevn/Desktop/CMS-master/node_modules/arrowjs/libs/database.js:22:31\n    at Connection.<anonymous> (/home/bluevn/Desktop/CMS-master/node_modules/pg/lib/client.js:186:5)\n    at emitOne (events.js:96:13)\n    at Connection.emit (events.js:191:7)\n    at Socket.<anonymous> (/home/bluevn/Desktop/CMS-master/node_modules/pg/lib/connection.js:86:10)\n    at emitOne (events.js:96:13)\n    at Socket.emit (events.js:191:7)\n    at emitErrorNT (net.js:1283:8)\n    at _combinedTickCallback (internal/process/next_tick.js:80:11)\n    at process._tickCallback (internal/process/next_tick.js:104:9)","level":"error","timestamp":"2017-05-26T21:35:40.680Z"}
{"level":"error","message":"Could not connect to redis server. ArrowJS used fakeredis","timestamp":"2017-05-26T21:41:27.685Z"}
{"level":"error","message":"Could not connect to redis server. ArrowJS used fakeredis","timestamp":"2017-05-26T21:47:24.256Z"}
{"level":"error","message":"Could not connect to redis server. ArrowJS used fakeredis","timestamp":"2017-06-03T08:05:19.798Z"}
{"message":"Could not connect to postgres://postgres:rootvn@localhost:5432","stack":"Error: Could not connect to postgres://postgres:rootvn@localhost:5432\n    at /home/bluevn/Desktop/CMS-master/node_modules/arrowjs/libs/database.js:22:31\n    at Connection.<anonymous> (/home/bluevn/Desktop/CMS-master/node_modules/pg/lib/client.js:186:5)\n    at emitOne (events.js:96:13)\n    at Connection.emit (events.js:191:7)\n    at Socket.<anonymous> (/home/bluevn/Desktop/CMS-master/node_modules/pg/lib/connection.js:86:10)\n    at emitOne (events.js:96:13)\n    at Socket.emit (events.js:191:7)\n    at emitErrorNT (net.js:1283:8)\n    at _combinedTickCallback (internal/process/next_tick.js:80:11)\n    at process._tickCallback (internal/process/next_tick.js:104:9)","level":"error","timestamp":"2017-06-03T08:05:19.811Z"}
{"level":"error","message":"Could not connect to redis server. ArrowJS used fakeredis","timestamp":"2017-06-03T08:06:20.263Z"}
{"level":"error","message":"Could not connect to redis server. ArrowJS used fakeredis","timestamp":"2017-06-03T08:24:44.170Z"}
{"level":"error","message":"Could not connect to redis server. ArrowJS used fakeredis","timestamp":"2017-06-03T08:45:07.414Z"}
{"level":"error","message":"Could not connect to redis server. ArrowJS used fakeredis","timestamp":"2017-06-03T08:46:21.767Z"}
{"level":"error","message":"Could not connect to redis server. ArrowJS used fakeredis","timestamp":"2017-06-03T08:47:35.975Z"}
{"level":"error","message":"Could not connect to redis server. ArrowJS used fakeredis","timestamp":"2017-06-03T08:50:02.780Z"}
{"level":"error","message":"Could not connect to redis server. ArrowJS used fakeredis","timestamp":"2017-06-03T08:51:54.109Z"}
{"level":"error","message":"Could not connect to redis server. ArrowJS used fakeredis","timestamp":"2017-06-03T08:53:02.207Z"}
{"level":"error","message":"Could not connect to redis server. ArrowJS used fakeredis","timestamp":"2017-06-03T08:58:04.382Z"}
{"level":"error","message":"Could not connect to redis server. ArrowJS used fakeredis","timestamp":"2017-06-03T09:08:31.877Z"}
{"level":"error","message":"Could not connect to redis server. ArrowJS used fakeredis","timestamp":"2017-06-03T09:09:41.428Z"}
{"level":"error","message":"Could not connect to redis server. ArrowJS used fakeredis","timestamp":"2017-06-03T09:28:48.250Z"}
{"level":"error","message":"Could not connect to redis server. ArrowJS used fakeredis","timestamp":"2017-06-03T09:29:17.993Z"}
{"level":"error","message":"Could not connect to redis server. ArrowJS used fakeredis","timestamp":"2017-06-03T09:38:21.952Z"}
{"level":"error","message":"Could not connect to redis server. ArrowJS used fakeredis","timestamp":"2017-06-03T09:40:15.996Z"}
{"level":"error","message":"Could not connect to redis server. ArrowJS used fakeredis","timestamp":"2017-06-03T09:48:03.122Z"}
{"level":"error","message":"Could not connect to redis server. ArrowJS used fakeredis","timestamp":"2017-06-03T09:48:36.090Z"}
{"level":"error","message":"Could not connect to redis server. ArrowJS used fakeredis","timestamp":"2017-06-03T09:51:13.825Z"}
{"level":"error","message":"Could not connect to redis server. ArrowJS used fakeredis","timestamp":"2017-06-03T09:51:36.368Z"}
{"level":"error","message":"Could not connect to redis server. ArrowJS used fakeredis","timestamp":"2017-06-03T10:01:05.841Z"}
{"level":"error","message":"Could not connect to redis server. ArrowJS used fakeredis","timestamp":"2017-06-03T10:01:44.139Z"}
{"level":"error","message":"Could not connect to redis server. ArrowJS used fakeredis","timestamp":"2017-06-03T10:05:05.972Z"}
{"level":"error","message":"Could not connect to redis server. ArrowJS used fakeredis","timestamp":"2017-06-03T10:10:40.304Z"}
{"level":"error","message":"Could not connect to redis server. ArrowJS used fakeredis","timestamp":"2017-06-03T10:12:35.093Z"}
{"level":"error","message":"Could not connect to redis server. ArrowJS used fakeredis","timestamp":"2017-06-03T10:13:32.595Z"}
{"level":"error","message":"Could not connect to redis server. ArrowJS used fakeredis","timestamp":"2017-06-03T10:16:05.552Z"}
{"level":"error","message":"Could not connect to redis server. ArrowJS used fakeredis","timestamp":"2017-06-03T10:16:20.189Z"}
{"level":"error","message":"Could not connect to redis server. ArrowJS used fakeredis","timestamp":"2017-06-03T10:20:02.376Z"}
{"level":"error","message":"Could not connect to redis server. ArrowJS used fakeredis","timestamp":"2017-06-03T10:20:16.252Z"}
{"level":"error","message":"Could not connect to redis server. ArrowJS used fakeredis","timestamp":"2017-06-04T05:41:40.591Z"}
{"level":"error","message":"Could not connect to redis server. ArrowJS used fakeredis","timestamp":"2017-06-04T05:43:29.038Z"}
{"level":"error","message":"Could not connect to redis server. ArrowJS used fakeredis","timestamp":"2017-06-04T05:44:15.631Z"}
{"level":"error","message":"Could not connect to redis server. ArrowJS used fakeredis","timestamp":"2017-06-04T05:50:50.026Z"}
{"level":"error","message":"Could not connect to redis server. ArrowJS used fakeredis","timestamp":"2017-06-04T06:21:56.965Z"}
{"level":"error","message":"Could not connect to redis server. ArrowJS used fakeredis","timestamp":"2017-06-04T06:24:03.387Z"}
{"level":"error","message":"Could not connect to redis server. ArrowJS used fakeredis","timestamp":"2017-06-04T06:34:52.815Z"}
{"level":"error","message":"Could not connect to redis server. ArrowJS used fakeredis","timestamp":"2017-06-04T06:36:09.247Z"}
{"level":"error","message":"Could not connect to redis server. ArrowJS used fakeredis","timestamp":"2017-06-04T06:37:07.448Z"}
{"level":"error","message":"Could not connect to redis server. ArrowJS used fakeredis","timestamp":"2017-06-04T06:38:02.985Z"}
{"level":"error","message":"Could not connect to redis server. ArrowJS used fakeredis","timestamp":"2017-06-04T07:58:47.273Z"}
{"level":"error","message":"Could not connect to redis server. ArrowJS used fakeredis","timestamp":"2017-06-04T07:59:48.663Z"}
{"level":"error","message":"Could not connect to redis server. ArrowJS used fakeredis","timestamp":"2017-06-04T08:03:32.383Z"}
{"level":"error","message":"Could not connect to redis server. ArrowJS used fakeredis","timestamp":"2017-06-04T08:04:02.462Z"}
{"level":"error","message":"Could not connect to redis server. ArrowJS used fakeredis","timestamp":"2017-06-04T08:05:35.199Z"}
{"level":"error","message":"Could not connect to redis server. ArrowJS used fakeredis","timestamp":"2017-06-04T08:20:23.058Z"}
{"level":"error","message":"Could not connect to redis server. ArrowJS used fakeredis","timestamp":"2017-06-04T08:22:58.366Z"}
{"level":"error","message":"Could not connect to redis server. ArrowJS used fakeredis","timestamp":"2017-06-04T08:23:19.642Z"}
{"level":"error","message":"Could not connect to redis server. ArrowJS used fakeredis","timestamp":"2017-06-04T08:26:31.267Z"}
{"message":"(/home/bluevn/Desktop/CMS-master/themes/frontend/intimate/widgets/recent_posts/index.twig) [Line 34, Column 22]\n  unknown block tag: endfor","name":"Template render error","cause":{"name":"Template render error"},"isOperational":true,"stack":"Template render error: (/home/bluevn/Desktop/CMS-master/themes/frontend/intimate/widgets/recent_posts/index.twig) [Line 34, Column 22]\n  unknown block tag: endfor\n    at Object.exports.prettifyError (/home/bluevn/Desktop/CMS-master/node_modules/nunjucks/src/lib.js:34:15)\n    at new_cls.render (/home/bluevn/Desktop/CMS-master/node_modules/nunjucks/src/environment.js:472:27)\n    at /home/bluevn/Desktop/CMS-master/node_modules/nunjucks/src/environment.js:313:35\n    at createTemplate (/home/bluevn/Desktop/CMS-master/node_modules/nunjucks/src/environment.js:235:25)\n    at handle (/home/bluevn/Desktop/CMS-master/node_modules/nunjucks/src/environment.js:250:25)\n    at /home/bluevn/Desktop/CMS-master/node_modules/nunjucks/src/environment.js:264:21\n    at next (/home/bluevn/Desktop/CMS-master/node_modules/nunjucks/src/lib.js:207:13)\n    at Object.exports.asyncIter (/home/bluevn/Desktop/CMS-master/node_modules/nunjucks/src/lib.js:214:5)\n    at new_cls.getTemplate (/home/bluevn/Desktop/CMS-master/node_modules/nunjucks/src/environment.js:243:17)\n    at new_cls.render (/home/bluevn/Desktop/CMS-master/node_modules/nunjucks/src/environment.js:305:14)\n    at Object.<anonymous> (/home/bluevn/Desktop/CMS-master/node_modules/arrowjs/manager/SystemManager.js:393:20)\n    at Object.tryCatcher (/home/bluevn/Desktop/CMS-master/node_modules/bluebird/js/release/util.js:16:23)\n    at Object.ret [as render] (eval at makeNodePromisifiedEval (/home/bluevn/Desktop/CMS-master/node_modules/bluebird/js/release/promisify.js:184:12), <anonymous>:13:39)\n    at Model.<anonymous> (/home/bluevn/Desktop/CMS-master/widgets/recent_posts/controllers/index.js:40:30)\n    at Model.tryCatcher (/home/bluevn/Desktop/CMS-master/node_modules/bluebird/js/release/util.js:16:23)\n    at Promise._settlePromiseFromHandler (/home/bluevn/Desktop/CMS-master/node_modules/bluebird/js/release/promise.js:512:31)","level":"error","timestamp":"2017-06-04T08:26:33.230Z"}
{"message":"(/home/bluevn/Desktop/CMS-master/themes/frontend/intimate/widgets/recent_posts/index.twig) [Line 34, Column 22]\n  unknown block tag: endfor","name":"Template render error","cause":{"name":"Template render error"},"isOperational":true,"stack":"Template render error: (/home/bluevn/Desktop/CMS-master/themes/frontend/intimate/widgets/recent_posts/index.twig) [Line 34, Column 22]\n  unknown block tag: endfor\n    at Object.exports.prettifyError (/home/bluevn/Desktop/CMS-master/node_modules/nunjucks/src/lib.js:34:15)\n    at new_cls.render (/home/bluevn/Desktop/CMS-master/node_modules/nunjucks/src/environment.js:472:27)\n    at /home/bluevn/Desktop/CMS-master/node_modules/nunjucks/src/environment.js:313:35\n    at createTemplate (/home/bluevn/Desktop/CMS-master/node_modules/nunjucks/src/environment.js:235:25)\n    at handle (/home/bluevn/Desktop/CMS-master/node_modules/nunjucks/src/environment.js:250:25)\n    at /home/bluevn/Desktop/CMS-master/node_modules/nunjucks/src/environment.js:264:21\n    at next (/home/bluevn/Desktop/CMS-master/node_modules/nunjucks/src/lib.js:207:13)\n    at Object.exports.asyncIter (/home/bluevn/Desktop/CMS-master/node_modules/nunjucks/src/lib.js:214:5)\n    at new_cls.getTemplate (/home/bluevn/Desktop/CMS-master/node_modules/nunjucks/src/environment.js:243:17)\n    at new_cls.render (/home/bluevn/Desktop/CMS-master/node_modules/nunjucks/src/environment.js:305:14)\n    at Object.<anonymous> (/home/bluevn/Desktop/CMS-master/node_modules/arrowjs/manager/SystemManager.js:393:20)\n    at Object.tryCatcher (/home/bluevn/Desktop/CMS-master/node_modules/bluebird/js/release/util.js:16:23)\n    at Object.ret [as render] (eval at makeNodePromisifiedEval (/home/bluevn/Desktop/CMS-master/node_modules/bluebird/js/release/promisify.js:184:12), <anonymous>:13:39)\n    at Model.<anonymous> (/home/bluevn/Desktop/CMS-master/widgets/recent_posts/controllers/index.js:40:30)\n    at Model.tryCatcher (/home/bluevn/Desktop/CMS-master/node_modules/bluebird/js/release/util.js:16:23)\n    at Promise._settlePromiseFromHandler (/home/bluevn/Desktop/CMS-master/node_modules/bluebird/js/release/promise.js:512:31)","level":"error","timestamp":"2017-06-04T08:26:35.518Z"}
{"message":"(/home/bluevn/Desktop/CMS-master/themes/frontend/intimate/widgets/recent_posts/index.twig) [Line 34, Column 22]\n  unknown block tag: endfor","name":"Template render error","cause":{"name":"Template render error"},"isOperational":true,"stack":"Template render error: (/home/bluevn/Desktop/CMS-master/themes/frontend/intimate/widgets/recent_posts/index.twig) [Line 34, Column 22]\n  unknown block tag: endfor\n    at Object.exports.prettifyError (/home/bluevn/Desktop/CMS-master/node_modules/nunjucks/src/lib.js:34:15)\n    at new_cls.render (/home/bluevn/Desktop/CMS-master/node_modules/nunjucks/src/environment.js:472:27)\n    at /home/bluevn/Desktop/CMS-master/node_modules/nunjucks/src/environment.js:313:35\n    at createTemplate (/home/bluevn/Desktop/CMS-master/node_modules/nunjucks/src/environment.js:235:25)\n    at handle (/home/bluevn/Desktop/CMS-master/node_modules/nunjucks/src/environment.js:250:25)\n    at /home/bluevn/Desktop/CMS-master/node_modules/nunjucks/src/environment.js:264:21\n    at next (/home/bluevn/Desktop/CMS-master/node_modules/nunjucks/src/lib.js:207:13)\n    at Object.exports.asyncIter (/home/bluevn/Desktop/CMS-master/node_modules/nunjucks/src/lib.js:214:5)\n    at new_cls.getTemplate (/home/bluevn/Desktop/CMS-master/node_modules/nunjucks/src/environment.js:243:17)\n    at new_cls.render (/home/bluevn/Desktop/CMS-master/node_modules/nunjucks/src/environment.js:305:14)\n    at Object.<anonymous> (/home/bluevn/Desktop/CMS-master/node_modules/arrowjs/manager/SystemManager.js:393:20)\n    at Object.tryCatcher (/home/bluevn/Desktop/CMS-master/node_modules/bluebird/js/release/util.js:16:23)\n    at Object.ret [as render] (eval at makeNodePromisifiedEval (/home/bluevn/Desktop/CMS-master/node_modules/bluebird/js/release/promisify.js:184:12), <anonymous>:13:39)\n    at Model.<anonymous> (/home/bluevn/Desktop/CMS-master/widgets/recent_posts/controllers/index.js:40:30)\n    at Model.tryCatcher (/home/bluevn/Desktop/CMS-master/node_modules/bluebird/js/release/util.js:16:23)\n    at Promise._settlePromiseFromHandler (/home/bluevn/Desktop/CMS-master/node_modules/bluebird/js/release/promise.js:512:31)","level":"error","timestamp":"2017-06-04T08:26:37.067Z"}
{"level":"error","message":"Could not connect to redis server. ArrowJS used fakeredis","timestamp":"2017-06-04T08:27:46.377Z"}
{"message":"(/home/bluevn/Desktop/CMS-master/themes/frontend/intimate/widgets/recent_posts/index.twig) [Line 34, Column 22]\n  unknown block tag: endfor","name":"Template render error","cause":{"name":"Template render error"},"isOperational":true,"stack":"Template render error: (/home/bluevn/Desktop/CMS-master/themes/frontend/intimate/widgets/recent_posts/index.twig) [Line 34, Column 22]\n  unknown block tag: endfor\n    at Object.exports.prettifyError (/home/bluevn/Desktop/CMS-master/node_modules/nunjucks/src/lib.js:34:15)\n    at new_cls.render (/home/bluevn/Desktop/CMS-master/node_modules/nunjucks/src/environment.js:472:27)\n    at /home/bluevn/Desktop/CMS-master/node_modules/nunjucks/src/environment.js:313:35\n    at createTemplate (/home/bluevn/Desktop/CMS-master/node_modules/nunjucks/src/environment.js:235:25)\n    at handle (/home/bluevn/Desktop/CMS-master/node_modules/nunjucks/src/environment.js:250:25)\n    at /home/bluevn/Desktop/CMS-master/node_modules/nunjucks/src/environment.js:264:21\n    at next (/home/bluevn/Desktop/CMS-master/node_modules/nunjucks/src/lib.js:207:13)\n    at Object.exports.asyncIter (/home/bluevn/Desktop/CMS-master/node_modules/nunjucks/src/lib.js:214:5)\n    at new_cls.getTemplate (/home/bluevn/Desktop/CMS-master/node_modules/nunjucks/src/environment.js:243:17)\n    at new_cls.render (/home/bluevn/Desktop/CMS-master/node_modules/nunjucks/src/environment.js:305:14)\n    at Object.<anonymous> (/home/bluevn/Desktop/CMS-master/node_modules/arrowjs/manager/SystemManager.js:393:20)\n    at Object.tryCatcher (/home/bluevn/Desktop/CMS-master/node_modules/bluebird/js/release/util.js:16:23)\n    at Object.ret [as render] (eval at makeNodePromisifiedEval (/home/bluevn/Desktop/CMS-master/node_modules/bluebird/js/release/promisify.js:184:12), <anonymous>:13:39)\n    at Model.<anonymous> (/home/bluevn/Desktop/CMS-master/widgets/recent_posts/controllers/index.js:40:30)\n    at Model.tryCatcher (/home/bluevn/Desktop/CMS-master/node_modules/bluebird/js/release/util.js:16:23)\n    at Promise._settlePromiseFromHandler (/home/bluevn/Desktop/CMS-master/node_modules/bluebird/js/release/promise.js:512:31)","level":"error","timestamp":"2017-06-04T08:27:49.733Z"}
{"level":"error","message":"Could not connect to redis server. ArrowJS used fakeredis","timestamp":"2017-06-04T08:28:49.702Z"}
{"level":"error","message":"Could not connect to redis server. ArrowJS used fakeredis","timestamp":"2017-06-07T12:11:17.926Z"}
{"message":"Could not connect to postgres://postgres:rootvn@localhost:5432","stack":"Error: Could not connect to postgres://postgres:rootvn@localhost:5432\n    at /home/bluevn/Desktop/CMS-master/node_modules/arrowjs/libs/database.js:22:31\n    at Connection.<anonymous> (/home/bluevn/Desktop/CMS-master/node_modules/pg/lib/client.js:186:5)\n    at emitOne (events.js:96:13)\n    at Connection.emit (events.js:191:7)\n    at Socket.<anonymous> (/home/bluevn/Desktop/CMS-master/node_modules/pg/lib/connection.js:86:10)\n    at emitOne (events.js:96:13)\n    at Socket.emit (events.js:191:7)\n    at emitErrorNT (net.js:1283:8)\n    at _combinedTickCallback (internal/process/next_tick.js:80:11)\n    at process._tickCallback (internal/process/next_tick.js:104:9)","level":"error","timestamp":"2017-06-07T12:11:17.940Z"}
{"level":"error","message":"Could not connect to redis server. ArrowJS used fakeredis","timestamp":"2017-06-07T12:11:41.335Z"}
{"level":"error","message":"Could not connect to redis server. ArrowJS used fakeredis","timestamp":"2017-06-10T03:42:21.147Z"}
{"message":"Could not connect to postgres://postgres:rootvn@localhost:5432","stack":"Error: Could not connect to postgres://postgres:rootvn@localhost:5432\n    at /home/bluevn/Desktop/CMS-master/node_modules/arrowjs/libs/database.js:22:31\n    at Connection.<anonymous> (/home/bluevn/Desktop/CMS-master/node_modules/pg/lib/client.js:186:5)\n    at emitOne (events.js:96:13)\n    at Connection.emit (events.js:191:7)\n    at Socket.<anonymous> (/home/bluevn/Desktop/CMS-master/node_modules/pg/lib/connection.js:86:10)\n    at emitOne (events.js:96:13)\n    at Socket.emit (events.js:191:7)\n    at emitErrorNT (net.js:1283:8)\n    at _combinedTickCallback (internal/process/next_tick.js:80:11)\n    at process._tickCallback (internal/process/next_tick.js:104:9)","level":"error","timestamp":"2017-06-10T03:42:21.165Z"}
{"level":"error","message":"Could not connect to redis server. ArrowJS used fakeredis","timestamp":"2017-06-10T03:42:42.603Z"}
{"level":"error","message":"Could not connect to redis server. ArrowJS used fakeredis","timestamp":"2017-06-10T03:49:33.863Z"}
{"level":"error","message":"Could not connect to redis server. ArrowJS used fakeredis","timestamp":"2017-06-10T03:50:09.296Z"}
{"level":"error","message":"Could not connect to redis server. ArrowJS used fakeredis","timestamp":"2017-06-10T03:50:59.305Z"}
{"level":"error","message":"Could not connect to redis server. ArrowJS used fakeredis","timestamp":"2017-06-10T03:52:14.199Z"}
{"level":"error","message":"Could not connect to redis server. ArrowJS used fakeredis","timestamp":"2017-06-10T03:52:29.929Z"}
{"level":"error","message":"Could not connect to redis server. ArrowJS used fakeredis","timestamp":"2017-06-10T03:53:13.878Z"}
{"level":"error","message":"Could not connect to redis server. ArrowJS used fakeredis","timestamp":"2017-06-10T05:41:48.231Z"}
{"message":"Could not connect to postgres://postgres:rootvn@localhost:5432","stack":"Error: Could not connect to postgres://postgres:rootvn@localhost:5432\n    at /home/bluevn/Desktop/CMS-master/node_modules/arrowjs/libs/database.js:22:31\n    at Connection.<anonymous> (/home/bluevn/Desktop/CMS-master/node_modules/pg/lib/client.js:186:5)\n    at emitOne (events.js:96:13)\n    at Connection.emit (events.js:191:7)\n    at Socket.<anonymous> (/home/bluevn/Desktop/CMS-master/node_modules/pg/lib/connection.js:86:10)\n    at emitOne (events.js:96:13)\n    at Socket.emit (events.js:191:7)\n    at emitErrorNT (net.js:1283:8)\n    at _combinedTickCallback (internal/process/next_tick.js:80:11)\n    at process._tickCallback (internal/process/next_tick.js:104:9)","level":"error","timestamp":"2017-06-10T05:41:48.254Z"}
{"level":"error","message":"Could not connect to redis server. ArrowJS used fakeredis","timestamp":"2017-06-10T05:41:58.156Z"}
{"level":"error","message":"Could not connect to redis server. ArrowJS used fakeredis","timestamp":"2017-06-10T05:43:24.415Z"}
{"level":"error","message":"Could not connect to redis server. ArrowJS used fakeredis","timestamp":"2017-06-10T05:44:57.847Z"}
{"level":"error","message":"Could not connect to redis server. ArrowJS used fakeredis","timestamp":"2017-06-10T06:00:54.843Z"}
{"level":"error","message":"Could not connect to redis server. ArrowJS used fakeredis","timestamp":"2017-06-10T06:02:01.136Z"}
{"level":"error","message":"Could not connect to redis server. ArrowJS used fakeredis","timestamp":"2017-06-10T06:03:19.517Z"}
{"level":"error","message":"Could not connect to redis server. ArrowJS used fakeredis","timestamp":"2017-06-10T06:05:58.963Z"}
{"level":"error","message":"Could not connect to redis server. ArrowJS used fakeredis","timestamp":"2017-06-10T06:06:40.118Z"}
{"level":"error","message":"Could not connect to redis server. ArrowJS used fakeredis","timestamp":"2017-06-10T06:08:19.708Z"}
{"level":"error","message":"Could not connect to redis server. ArrowJS used fakeredis","timestamp":"2017-06-10T06:12:34.470Z"}
{"level":"error","message":"Could not connect to redis server. ArrowJS used fakeredis","timestamp":"2017-06-10T06:14:25.534Z"}
{"level":"error","message":"Could not connect to redis server. ArrowJS used fakeredis","timestamp":"2017-06-10T06:14:44.890Z"}
{"level":"error","message":"Could not connect to redis server. ArrowJS used fakeredis","timestamp":"2017-06-10T06:15:02.724Z"}
{"level":"error","message":"Could not connect to redis server. ArrowJS used fakeredis","timestamp":"2017-06-10T06:15:45.969Z"}
{"level":"error","message":"Could not connect to redis server. ArrowJS used fakeredis","timestamp":"2017-06-10T06:23:39.190Z"}
{"level":"error","message":"Could not connect to redis server. ArrowJS used fakeredis","timestamp":"2017-06-10T06:24:01.193Z"}
{"level":"error","message":"Could not connect to redis server. ArrowJS used fakeredis","timestamp":"2017-06-10T06:24:29.620Z"}
{"level":"error","message":"Could not connect to redis server. ArrowJS used fakeredis","timestamp":"2017-06-10T06:24:51.023Z"}
{"level":"error","message":"Could not connect to redis server. ArrowJS used fakeredis","timestamp":"2017-06-10T06:27:07.785Z"}
{"level":"error","message":"Could not connect to redis server. ArrowJS used fakeredis","timestamp":"2017-06-10T06:33:10.246Z"}
{"level":"error","message":"Could not connect to redis server. ArrowJS used fakeredis","timestamp":"2017-06-10T06:37:58.130Z"}
{"level":"error","message":"Could not connect to redis server. ArrowJS used fakeredis","timestamp":"2017-06-10T06:40:30.402Z"}
{"level":"error","message":"Could not connect to redis server. ArrowJS used fakeredis","timestamp":"2017-06-10T06:40:50.977Z"}
{"level":"error","message":"Could not connect to redis server. ArrowJS used fakeredis","timestamp":"2017-06-10T06:41:39.229Z"}
{"level":"error","message":"Could not connect to redis server. ArrowJS used fakeredis","timestamp":"2017-06-10T06:42:09.617Z"}
{"level":"error","message":"Could not connect to redis server. ArrowJS used fakeredis","timestamp":"2017-06-10T08:30:25.919Z"}
{"level":"error","message":"Could not connect to redis server. ArrowJS used fakeredis","timestamp":"2017-06-10T11:41:07.477Z"}
{"level":"error","message":"Could not connect to redis server. ArrowJS used fakeredis","timestamp":"2017-06-10T12:43:15.413Z"}
{"level":"error","message":"Could not connect to redis server. ArrowJS used fakeredis","timestamp":"2017-06-10T12:46:51.330Z"}
{"level":"error","message":"Could not connect to redis server. ArrowJS used fakeredis","timestamp":"2017-06-10T12:47:37.704Z"}
{"level":"error","message":"Could not connect to redis server. ArrowJS used fakeredis","timestamp":"2017-06-10T12:57:36.019Z"}
{"level":"error","message":"Could not connect to redis server. ArrowJS used fakeredis","timestamp":"2017-06-10T13:03:01.730Z"}
{"level":"error","message":"Could not connect to redis server. ArrowJS used fakeredis","timestamp":"2017-06-10T15:36:58.631Z"}
{"level":"error","message":"Could not connect to redis server. ArrowJS used fakeredis","timestamp":"2017-06-10T15:45:20.200Z"}
{"level":"error","message":"Could not connect to redis server. ArrowJS used fakeredis","timestamp":"2017-06-10T15:55:45.566Z"}
{"message":"Unexpected token }","stack":"/home/bluevn/Desktop/CMS-master/library/view_utilities/filters/pagination.js:11\n                        }\n                        ^\nSyntaxError: Unexpected token }\n    at createScript (vm.js:53:10)\n    at Object.runInThisContext (vm.js:95:10)\n    at Module._compile (module.js:543:28)\n    at Object.Module._extensions..js (module.js:580:10)\n    at Module.load (module.js:488:32)\n    at tryModuleLoad (module.js:447:12)\n    at Function.Module._load (module.js:439:3)\n    at Module.require (module.js:498:17)\n    at require (internal/module.js:20:19)\n    at /home/bluevn/Desktop/CMS-master/node_modules/arrowjs/libs/global_function.js:185:22\n    at Array.map (native)\n    at Object.exports.getAllCustomFilter (/home/bluevn/Desktop/CMS-master/node_modules/arrowjs/libs/global_function.js:183:17)\n    at Object.exports.createNewEnv (/home/bluevn/Desktop/CMS-master/node_modules/arrowjs/libs/global_function.js:22:16)\n    at module.exports (/home/bluevn/Desktop/CMS-master/node_modules/arrowjs/libs/ViewEngine.js:12:13)\n    at /home/bluevn/Desktop/CMS-master/node_modules/arrowjs/manager/SystemManager.js:212:58\n    at Array.map (native)","level":"error","timestamp":"2017-06-10T15:55:46.161Z"}
{"level":"error","message":"Could not connect to redis server. ArrowJS used fakeredis","timestamp":"2017-06-10T15:57:39.706Z"}
{"level":"error","message":"Could not connect to redis server. ArrowJS used fakeredis","timestamp":"2017-06-10T16:02:00.449Z"}
{"level":"error","message":"Could not connect to redis server. ArrowJS used fakeredis","timestamp":"2017-06-10T16:21:11.001Z"}
{"level":"error","message":"Could not connect to redis server. ArrowJS used fakeredis","timestamp":"2017-06-10T16:36:14.041Z"}
{"level":"error","message":"Could not connect to redis server. ArrowJS used fakeredis","timestamp":"2017-06-10T16:37:09.450Z"}
{"level":"error","message":"Could not connect to redis server. ArrowJS used fakeredis","timestamp":"2017-06-10T16:38:42.861Z"}
{"level":"error","message":"Could not connect to redis server. ArrowJS used fakeredis","timestamp":"2017-06-10T16:43:16.573Z"}
{"level":"error","message":"Could not connect to redis server. ArrowJS used fakeredis","timestamp":"2017-06-10T16:49:17.301Z"}
{"level":"error","message":"Could not connect to redis server. ArrowJS used fakeredis","timestamp":"2017-06-10T16:55:22.291Z"}
{"level":"error","message":"Could not connect to redis server. ArrowJS used fakeredis","timestamp":"2017-06-10T16:57:55.447Z"}
{"level":"error","message":"Could not connect to redis server. ArrowJS used fakeredis","timestamp":"2017-06-10T17:05:23.895Z"}
{"level":"error","message":"Could not connect to redis server. ArrowJS used fakeredis","timestamp":"2017-06-11T03:23:24.974Z"}
{"level":"error","message":"Could not connect to redis server. ArrowJS used fakeredis","timestamp":"2017-06-11T03:25:04.510Z"}
{"level":"error","message":"Could not connect to redis server. ArrowJS used fakeredis","timestamp":"2017-06-11T03:26:54.352Z"}
{"level":"error","message":"Could not connect to redis server. ArrowJS used fakeredis","timestamp":"2017-06-11T03:27:21.701Z"}
{"level":"error","message":"Could not connect to redis server. ArrowJS used fakeredis","timestamp":"2017-06-11T03:28:07.969Z"}
{"level":"error","message":"Could not connect to redis server. ArrowJS used fakeredis","timestamp":"2017-06-11T03:40:44.711Z"}
{"level":"error","message":"Could not connect to redis server. ArrowJS used fakeredis","timestamp":"2017-06-11T03:42:53.867Z"}
{"level":"error","message":"Could not connect to redis server. ArrowJS used fakeredis","timestamp":"2017-06-11T03:54:58.841Z"}
{"level":"error","message":"Could not connect to redis server. ArrowJS used fakeredis","timestamp":"2017-06-11T03:55:28.347Z"}
{"level":"error","message":"Could not connect to redis server. ArrowJS used fakeredis","timestamp":"2017-06-11T03:57:11.992Z"}
{"level":"error","message":"Could not connect to redis server. ArrowJS used fakeredis","timestamp":"2017-06-11T04:00:31.579Z"}
{"level":"error","message":"Could not connect to redis server. ArrowJS used fakeredis","timestamp":"2017-06-11T04:01:16.143Z"}
{"level":"error","message":"Could not connect to redis server. ArrowJS used fakeredis","timestamp":"2017-06-11T04:13:07.279Z"}
{"level":"error","message":"Could not connect to redis server. ArrowJS used fakeredis","timestamp":"2017-06-11T04:40:08.414Z"}
{"level":"error","message":"Could not connect to redis server. ArrowJS used fakeredis","timestamp":"2017-06-11T05:52:52.164Z"}
{"level":"error","message":"Could not connect to redis server. ArrowJS used fakeredis","timestamp":"2017-06-11T05:54:25.911Z"}
{"level":"error","message":"Could not connect to redis server. ArrowJS used fakeredis","timestamp":"2017-06-11T05:55:30.138Z"}
{"level":"error","message":"Could not connect to redis server. ArrowJS used fakeredis","timestamp":"2017-06-11T05:56:10.816Z"}
{"level":"error","message":"Could not connect to redis server. ArrowJS used fakeredis","timestamp":"2017-06-11T05:56:47.128Z"}
{"level":"error","message":"Could not connect to redis server. ArrowJS used fakeredis","timestamp":"2017-06-11T06:00:29.533Z"}
{"level":"error","message":"Could not connect to redis server. ArrowJS used fakeredis","timestamp":"2017-06-11T06:04:10.375Z"}
{"level":"error","message":"Could not connect to redis server. ArrowJS used fakeredis","timestamp":"2017-06-11T06:07:26.204Z"}
{"level":"error","message":"Could not connect to redis server. ArrowJS used fakeredis","timestamp":"2017-06-11T06:07:55.568Z"}
{"level":"error","message":"Could not connect to redis server. ArrowJS used fakeredis","timestamp":"2017-06-11T06:08:24.058Z"}
{"level":"error","message":"Could not connect to redis server. ArrowJS used fakeredis","timestamp":"2017-06-11T06:09:16.477Z"}
{"level":"error","message":"Could not connect to redis server. ArrowJS used fakeredis","timestamp":"2017-06-11T06:10:22.323Z"}
{"level":"error","message":"Could not connect to redis server. ArrowJS used fakeredis","timestamp":"2017-06-11T06:10:55.504Z"}
{"level":"error","message":"Could not connect to redis server. ArrowJS used fakeredis","timestamp":"2017-06-11T06:11:06.744Z"}
{"level":"error","message":"Could not connect to redis server. ArrowJS used fakeredis","timestamp":"2017-06-11T06:16:06.501Z"}
{"level":"error","message":"Could not connect to redis server. ArrowJS used fakeredis","timestamp":"2017-06-11T06:27:52.616Z"}
{"level":"error","message":"Could not connect to redis server. ArrowJS used fakeredis","timestamp":"2017-06-11T06:28:33.777Z"}
{"level":"error","message":"Could not connect to redis server. ArrowJS used fakeredis","timestamp":"2017-06-11T06:29:27.728Z"}
{"level":"error","message":"Could not connect to redis server. ArrowJS used fakeredis","timestamp":"2017-06-11T06:30:52.561Z"}
{"level":"error","message":"Could not connect to redis server. ArrowJS used fakeredis","timestamp":"2017-06-11T06:32:01.721Z"}
{"level":"error","message":"Could not connect to redis server. ArrowJS used fakeredis","timestamp":"2017-06-11T06:32:37.909Z"}
{"level":"error","message":"Could not connect to redis server. ArrowJS used fakeredis","timestamp":"2017-06-11T06:33:06.758Z"}
{"level":"error","message":"Could not connect to redis server. ArrowJS used fakeredis","timestamp":"2017-06-11T06:34:18.044Z"}
{"level":"error","message":"Could not connect to redis server. ArrowJS used fakeredis","timestamp":"2017-06-11T06:34:52.304Z"}
{"level":"error","message":"Could not connect to redis server. ArrowJS used fakeredis","timestamp":"2017-06-11T06:35:59.010Z"}
{"level":"error","message":"Could not connect to redis server. ArrowJS used fakeredis","timestamp":"2017-06-11T06:37:07.176Z"}
{"level":"error","message":"Could not connect to redis server. ArrowJS used fakeredis","timestamp":"2017-06-11T06:39:42.851Z"}
{"level":"error","message":"Could not connect to redis server. ArrowJS used fakeredis","timestamp":"2017-06-11T06:40:11.953Z"}
{"level":"error","message":"Could not connect to redis server. ArrowJS used fakeredis","timestamp":"2017-06-11T06:40:50.375Z"}
{"level":"error","message":"Could not connect to redis server. ArrowJS used fakeredis","timestamp":"2017-06-11T06:41:24.557Z"}
{"level":"error","message":"Could not connect to redis server. ArrowJS used fakeredis","timestamp":"2017-06-11T06:42:11.909Z"}
{"level":"error","message":"Could not connect to redis server. ArrowJS used fakeredis","timestamp":"2017-06-11T06:43:13.275Z"}
{"level":"error","message":"Could not connect to redis server. ArrowJS used fakeredis","timestamp":"2017-06-11T06:44:20.343Z"}
{"level":"error","message":"Could not connect to redis server. ArrowJS used fakeredis","timestamp":"2017-06-11T06:47:17.386Z"}
{"level":"error","message":"Could not connect to redis server. ArrowJS used fakeredis","timestamp":"2017-06-11T06:50:26.014Z"}
{"level":"error","message":"Could not connect to redis server. ArrowJS used fakeredis","timestamp":"2017-06-11T06:50:49.862Z"}
{"level":"error","message":"Could not connect to redis server. ArrowJS used fakeredis","timestamp":"2017-06-11T06:51:52.684Z"}
{"level":"error","message":"Could not connect to redis server. ArrowJS used fakeredis","timestamp":"2017-06-11T06:56:05.893Z"}
{"level":"error","message":"Could not connect to redis server. ArrowJS used fakeredis","timestamp":"2017-06-11T07:00:09.363Z"}
{"level":"error","message":"Could not connect to redis server. ArrowJS used fakeredis","timestamp":"2017-06-11T07:00:59.795Z"}
{"level":"error","message":"Could not connect to redis server. ArrowJS used fakeredis","timestamp":"2017-06-11T07:01:29.736Z"}
{"level":"error","message":"Could not connect to redis server. ArrowJS used fakeredis","timestamp":"2017-06-11T07:02:32.056Z"}
{"level":"error","message":"Could not connect to redis server. ArrowJS used fakeredis","timestamp":"2017-06-11T07:06:52.305Z"}
{"level":"error","message":"Could not connect to redis server. ArrowJS used fakeredis","timestamp":"2017-06-11T07:25:49.504Z"}
{"level":"error","message":"Could not connect to redis server. ArrowJS used fakeredis","timestamp":"2017-06-11T07:32:41.589Z"}
{"level":"error","message":"Could not connect to redis server. ArrowJS used fakeredis","timestamp":"2017-06-11T07:43:38.177Z"}
{"level":"error","message":"Could not connect to redis server. ArrowJS used fakeredis","timestamp":"2017-06-11T07:46:33.453Z"}
{"level":"error","message":"Could not connect to redis server. ArrowJS used fakeredis","timestamp":"2017-06-11T07:50:02.753Z"}
{"level":"error","message":"Could not connect to redis server. ArrowJS used fakeredis","timestamp":"2017-06-11T08:19:36.052Z"}
{"level":"error","message":"Could not connect to redis server. ArrowJS used fakeredis","timestamp":"2017-06-11T08:20:16.027Z"}
{"level":"error","message":"Could not connect to redis server. ArrowJS used fakeredis","timestamp":"2017-06-11T08:21:18.025Z"}
{"level":"error","message":"Could not connect to redis server. ArrowJS used fakeredis","timestamp":"2017-06-11T08:23:01.953Z"}
{"level":"error","message":"Could not connect to redis server. ArrowJS used fakeredis","timestamp":"2017-06-11T08:24:16.179Z"}
{"level":"error","message":"Could not connect to redis server. ArrowJS used fakeredis","timestamp":"2017-06-11T08:29:35.487Z"}
{"level":"error","message":"Could not connect to redis server. ArrowJS used fakeredis","timestamp":"2017-06-11T08:41:57.543Z"}
{"level":"error","message":"Could not connect to redis server. ArrowJS used fakeredis","timestamp":"2017-06-11T08:54:48.890Z"}
{"level":"error","message":"Could not connect to redis server. ArrowJS used fakeredis","timestamp":"2017-06-11T08:59:03.517Z"}
{"level":"error","message":"Could not connect to redis server. ArrowJS used fakeredis","timestamp":"2017-06-11T11:57:31.938Z"}
{"level":"error","message":"Could not connect to redis server. ArrowJS used fakeredis","timestamp":"2017-06-11T13:31:14.598Z"}
{"level":"error","message":"Could not connect to redis server. ArrowJS used fakeredis","timestamp":"2017-06-11T13:54:56.434Z"}
{"level":"error","message":"Could not connect to redis server. ArrowJS used fakeredis","timestamp":"2017-06-11T13:59:39.108Z"}
{"level":"error","message":"Could not connect to redis server. ArrowJS used fakeredis","timestamp":"2017-06-11T14:37:43.331Z"}
{"level":"error","message":"Could not connect to redis server. ArrowJS used fakeredis","timestamp":"2017-06-11T14:56:21.287Z"}
{"level":"error","message":"Could not connect to redis server. ArrowJS used fakeredis","timestamp":"2017-06-11T15:06:52.504Z"}
{"level":"error","message":"Could not connect to redis server. ArrowJS used fakeredis","timestamp":"2017-06-11T15:09:06.197Z"}
{"level":"error","message":"Could not connect to redis server. ArrowJS used fakeredis","timestamp":"2017-06-11T15:09:39.899Z"}
{"level":"error","message":"Could not connect to redis server. ArrowJS used fakeredis","timestamp":"2017-06-11T15:09:56.720Z"}
{"level":"error","message":"Could not connect to redis server. ArrowJS used fakeredis","timestamp":"2017-06-11T15:10:14.178Z"}
{"level":"error","message":"Could not connect to redis server. ArrowJS used fakeredis","timestamp":"2017-06-11T15:12:02.307Z"}
{"level":"error","message":"Could not connect to redis server. ArrowJS used fakeredis","timestamp":"2017-06-12T00:37:34.033Z"}
{"level":"error","message":"Could not connect to redis server. ArrowJS used fakeredis","timestamp":"2017-06-12T01:02:14.204Z"}
{"level":"error","message":"Could not connect to redis server. ArrowJS used fakeredis","timestamp":"2017-06-12T01:09:46.569Z"}
{"level":"error","message":"Could not connect to redis server. ArrowJS used fakeredis","timestamp":"2017-06-12T01:11:39.289Z"}
{"level":"error","message":"Could not connect to redis server. ArrowJS used fakeredis","timestamp":"2017-06-12T01:12:02.105Z"}
{"level":"error","message":"Could not connect to redis server. ArrowJS used fakeredis","timestamp":"2017-06-12T01:15:13.860Z"}
